[INFO  2022-08-11 19:56:20 @__init__.py:79] Set root logger. Unset logger with neuralgym.unset_logger().
[INFO  2022-08-11 19:56:20 @__init__.py:80] Saving logging to file: neuralgym_logs/20220811195619963020.
[INFO  2022-08-11 19:56:20 @config.py:92] ---------------------------------- APP CONFIG ----------------------------------
[INFO  2022-08-11 19:56:20 @config.py:119] DATASET: land
[INFO  2022-08-11 19:56:20 @config.py:119] RANDOM_CROP: False
[INFO  2022-08-11 19:56:20 @config.py:119] VAL: False
[INFO  2022-08-11 19:56:20 @config.py:119] LOG_DIR: land
[INFO  2022-08-11 19:56:20 @config.py:119] MODEL_RESTORE: 
[INFO  2022-08-11 19:56:20 @config.py:119] GAN: wgan_gp
[INFO  2022-08-11 19:56:20 @config.py:119] PRETRAIN_COARSE_NETWORK: False
[INFO  2022-08-11 19:56:20 @config.py:119] GAN_LOSS_ALPHA: 0.001
[INFO  2022-08-11 19:56:20 @config.py:119] WGAN_GP_LAMBDA: 10
[INFO  2022-08-11 19:56:20 @config.py:119] COARSE_L1_ALPHA: 1.2
[INFO  2022-08-11 19:56:20 @config.py:119] L1_LOSS_ALPHA: 1.2
[INFO  2022-08-11 19:56:20 @config.py:119] AE_LOSS_ALPHA: 1.2
[INFO  2022-08-11 19:56:20 @config.py:119] GAN_WITH_MASK: False
[INFO  2022-08-11 19:56:20 @config.py:119] DISCOUNTED_MASK: True
[INFO  2022-08-11 19:56:20 @config.py:119] RANDOM_SEED: False
[INFO  2022-08-11 19:56:20 @config.py:119] PADDING: SAME
[INFO  2022-08-11 19:56:20 @config.py:119] NUM_GPUS: 1
[INFO  2022-08-11 19:56:20 @config.py:119] GPU_ID: -1
[INFO  2022-08-11 19:56:20 @config.py:119] TRAIN_SPE: 10000
[INFO  2022-08-11 19:56:20 @config.py:119] MAX_ITERS: 1000000
[INFO  2022-08-11 19:56:20 @config.py:119] VIZ_MAX_OUT: 10
[INFO  2022-08-11 19:56:20 @config.py:119] GRADS_SUMMARY: False
[INFO  2022-08-11 19:56:20 @config.py:119] GRADIENT_CLIP: False
[INFO  2022-08-11 19:56:20 @config.py:119] GRADIENT_CLIP_VALUE: 0.1
[INFO  2022-08-11 19:56:20 @config.py:119] VAL_PSTEPS: 10000000
[INFO  2022-08-11 19:56:20 @config.py:111] DATA_FLIST: 
[INFO  2022-08-11 19:56:20 @config.py:119]   land: ['data_flist/train_shuffled.flist', 'data_flist/validation_static_view.flist']
[INFO  2022-08-11 19:56:20 @config.py:119] STATIC_VIEW_SIZE: 30
[INFO  2022-08-11 19:56:20 @config.py:119] IMG_SHAPES: [256, 256, 1]
[INFO  2022-08-11 19:56:20 @config.py:119] HEIGHT: 256
[INFO  2022-08-11 19:56:20 @config.py:119] WIDTH: 256
[INFO  2022-08-11 19:56:20 @config.py:119] MAX_DELTA_HEIGHT: 64
[INFO  2022-08-11 19:56:20 @config.py:119] MAX_DELTA_WIDTH: 64
[INFO  2022-08-11 19:56:20 @config.py:119] BATCH_SIZE: 32
[INFO  2022-08-11 19:56:20 @config.py:119] VERTICAL_MARGIN: 0
[INFO  2022-08-11 19:56:20 @config.py:119] HORIZONTAL_MARGIN: 0
[INFO  2022-08-11 19:56:20 @config.py:119] AE_LOSS: True
[INFO  2022-08-11 19:56:20 @config.py:119] L1_LOSS: True
[INFO  2022-08-11 19:56:20 @config.py:119] GLOBAL_DCGAN_LOSS_ALPHA: 1.0
[INFO  2022-08-11 19:56:20 @config.py:119] GLOBAL_WGAN_LOSS_ALPHA: 1.0
[INFO  2022-08-11 19:56:20 @config.py:119] LOAD_VGG_MODEL: False
[INFO  2022-08-11 19:56:20 @config.py:119] VGG_MODEL_FILE: data/model_zoo/vgg16.npz
[INFO  2022-08-11 19:56:20 @config.py:119] FEATURE_LOSS: False
[INFO  2022-08-11 19:56:20 @config.py:119] GRAMS_LOSS: False
[INFO  2022-08-11 19:56:20 @config.py:119] TV_LOSS: False
[INFO  2022-08-11 19:56:20 @config.py:119] TV_LOSS_ALPHA: 0.0
[INFO  2022-08-11 19:56:20 @config.py:119] FEATURE_LOSS_ALPHA: 0.01
[INFO  2022-08-11 19:56:20 @config.py:119] GRAMS_LOSS_ALPHA: 50
[INFO  2022-08-11 19:56:20 @config.py:119] SPATIAL_DISCOUNTING_GAMMA: 0.9
[INFO  2022-08-11 19:56:20 @config.py:94] --------------------------------------------------------------------------------
